c:\users\panic\desktop\aristois-legit-3010519 glovews - kopie - kopie\intermediates\vc142.pdb
c:\users\panic\desktop\aristois-legit-3010519 glovews - kopie - kopie\intermediates\imgui.obj
c:\users\panic\desktop\aristois-legit-3010519 glovews - kopie - kopie\intermediates\imgui_impl_dx9.obj
c:\users\panic\desktop\aristois-legit-3010519 glovews - kopie - kopie\intermediates\config.obj
c:\users\panic\desktop\aristois-legit-3010519 glovews - kopie - kopie\intermediates\hooks.obj
c:\users\panic\desktop\aristois-legit-3010519 glovews - kopie - kopie\intermediates\visuals.obj
c:\users\panic\desktop\aristois-legit-3010519 glovews - kopie - kopie\intermediates\sound.obj
c:\users\panic\desktop\aristois-legit-3010519 glovews - kopie - kopie\intermediates\nightmode.obj
c:\users\panic\desktop\aristois-legit-3010519 glovews - kopie - kopie\intermediates\skinchanger.obj
c:\users\panic\desktop\aristois-legit-3010519 glovews - kopie - kopie\intermediates\parser.obj
c:\users\panic\desktop\aristois-legit-3010519 glovews - kopie - kopie\intermediates\knifehook.obj
c:\users\panic\desktop\aristois-legit-3010519 glovews - kopie - kopie\intermediates\glovechanger.obj
c:\users\panic\desktop\aristois-legit-3010519 glovews - kopie - kopie\intermediates\nade_pred.obj
c:\users\panic\desktop\aristois-legit-3010519 glovews - kopie - kopie\intermediates\movement.obj
c:\users\panic\desktop\aristois-legit-3010519 glovews - kopie - kopie\intermediates\prediction.obj
c:\users\panic\desktop\aristois-legit-3010519 glovews - kopie - kopie\intermediates\misc.obj
c:\users\panic\desktop\aristois-legit-3010519 glovews - kopie - kopie\intermediates\hitmarker.obj
c:\users\panic\desktop\aristois-legit-3010519 glovews - kopie - kopie\intermediates\events.obj
c:\users\panic\desktop\aristois-legit-3010519 glovews - kopie - kopie\intermediates\logs.obj
c:\users\panic\desktop\aristois-legit-3010519 glovews - kopie - kopie\intermediates\backtrack.obj
c:\users\panic\desktop\aristois-legit-3010519 glovews - kopie - kopie\intermediates\aimbot.obj
c:\users\panic\desktop\aristois-legit-3010519 glovews - kopie - kopie\intermediates\view_matrix.obj
c:\users\panic\desktop\aristois-legit-3010519 glovews - kopie - kopie\intermediates\vector3d.obj
c:\users\panic\desktop\aristois-legit-3010519 glovews - kopie - kopie\intermediates\main.obj
c:\users\panic\desktop\aristois-legit-3010519 glovews - kopie - kopie\intermediates\hook.obj
c:\users\panic\desktop\aristois-legit-3010519 glovews - kopie - kopie\intermediates\utilities.obj
c:\users\panic\desktop\aristois-legit-3010519 glovews - kopie - kopie\intermediates\render.obj
c:\users\panic\desktop\aristois-legit-3010519 glovews - kopie - kopie\intermediates\netvar_manager.obj
c:\users\panic\desktop\aristois-legit-3010519 glovews - kopie - kopie\intermediates\md5.obj
c:\users\panic\desktop\aristois-legit-3010519 glovews - kopie - kopie\intermediates\math.obj
c:\users\panic\desktop\aristois-legit-3010519 glovews - kopie - kopie\intermediates\interfaces.obj
c:\users\panic\desktop\aristois-legit-3010519 glovews - kopie - kopie\intermediates\menu.obj
c:\users\panic\desktop\aristois-legit-3010519 glovews - kopie - kopie\intermediates\imgui_draw.obj
c:\users\panic\desktop\aristois-legit-3010519 glovews - kopie - kopie\output\debug\cheat.dll
c:\users\panic\desktop\aristois-legit-3010519 glovews - kopie - kopie\output\debug\cheat.pdb
c:\users\panic\desktop\aristois-legit-3010519 glovews - kopie - kopie\.\output\debug\cheat.dll
c:\users\panic\desktop\aristois-legit-3010519 glovews - kopie - kopie\intermediates\aristois beta.tlog\cl.command.1.tlog
c:\users\panic\desktop\aristois-legit-3010519 glovews - kopie - kopie\intermediates\aristois beta.tlog\cl.read.1.tlog
c:\users\panic\desktop\aristois-legit-3010519 glovews - kopie - kopie\intermediates\aristois beta.tlog\cl.write.1.tlog
c:\users\panic\desktop\aristois-legit-3010519 glovews - kopie - kopie\intermediates\aristois beta.tlog\link.command.1.tlog
c:\users\panic\desktop\aristois-legit-3010519 glovews - kopie - kopie\intermediates\aristois beta.tlog\link.read.1.tlog
c:\users\panic\desktop\aristois-legit-3010519 glovews - kopie - kopie\intermediates\aristois beta.tlog\link.write.1.tlog
